16:20:49 **** Build of configuration Debug for project FreeRTOS-Plus-Demo-5 ****
make all 
Building file: D:/Proyecto_Esteto/FreeRTOS-Products/FreeRTOS/portable/MemMang/heap_2.c
Invoking: MCU C Compiler
arm-none-eabi-gcc -D__REDLIB__ -DDEBUG -D__CODE_RED -D__USE_CMSIS=CMSISv2p00_LPC17xx -I"D:\Proyecto_Esteto\FreeRTOS-Products\FreeRTOS-Plus-IO\Device\LPC17xx\SupportedBoards" -I"D:\Proyecto_Esteto\FreeRTOS-Products\FreeRTOS-Plus-IO\Include" -I"D:\Proyecto_Esteto\FreeRTOS-Products\FreeRTOS-Plus-CLI" -I"D:\Proyecto_Esteto\FreeRTOS-Products\FreeRTOS\portable\GCC\ARM_CM3" -I"D:\Proyecto_Esteto\FreeRTOS-Products\FreeRTOS\include" -I"D:\Proyecto_Esteto\CMSISv2p00_LPC17xx\inc" -I"D:\Proyecto_Esteto\FreeRTOS-Plus-Demo-5\Source\Examples\Include" -I"D:\Proyecto_Esteto\FreeRTOS-Plus-Demo-5\Source" -I"D:\Proyecto_Esteto\lpc17xx.cmsis.driver.library\Include" -O0 -g3 -Wall -c -fmessage-length=0 -fno-builtin -ffunction-sections -fdata-sections -Wextra -mcpu=cortex-m3 -mthumb -MMD -MP -MF"Source/FreeRTOS-Products/FreeRTOS/portable/MemMang/heap_2.d" -MT"Source/FreeRTOS-Products/FreeRTOS/portable/MemMang/heap_2.d" -o "Source/FreeRTOS-Products/FreeRTOS/portable/MemMang/heap_2.o" "D:/Proyecto_Esteto/FreeRTOS-Products/FreeRTOS/portable/MemMang/heap_2.c"
Finished building: D:/Proyecto_Esteto/FreeRTOS-Products/FreeRTOS/portable/MemMang/heap_2.c
 
Building file: D:/Proyecto_Esteto/FreeRTOS-Products/FreeRTOS/portable/GCC/ARM_CM3/port.c
Invoking: MCU C Compiler
arm-none-eabi-gcc -D__REDLIB__ -DDEBUG -D__CODE_RED -D__USE_CMSIS=CMSISv2p00_LPC17xx -I"D:\Proyecto_Esteto\FreeRTOS-Products\FreeRTOS-Plus-IO\Device\LPC17xx\SupportedBoards" -I"D:\Proyecto_Esteto\FreeRTOS-Products\FreeRTOS-Plus-IO\Include" -I"D:\Proyecto_Esteto\FreeRTOS-Products\FreeRTOS-Plus-CLI" -I"D:\Proyecto_Esteto\FreeRTOS-Products\FreeRTOS\portable\GCC\ARM_CM3" -I"D:\Proyecto_Esteto\FreeRTOS-Products\FreeRTOS\include" -I"D:\Proyecto_Esteto\CMSISv2p00_LPC17xx\inc" -I"D:\Proyecto_Esteto\FreeRTOS-Plus-Demo-5\Source\Examples\Include" -I"D:\Proyecto_Esteto\FreeRTOS-Plus-Demo-5\Source" -I"D:\Proyecto_Esteto\lpc17xx.cmsis.driver.library\Include" -O0 -g3 -Wall -c -fmessage-length=0 -fno-builtin -ffunction-sections -fdata-sections -Wextra -mcpu=cortex-m3 -mthumb -MMD -MP -MF"Source/FreeRTOS-Products/FreeRTOS/portable/GCC/ARM_CM3/port.d" -MT"Source/FreeRTOS-Products/FreeRTOS/portable/GCC/ARM_CM3/port.d" -o "Source/FreeRTOS-Products/FreeRTOS/portable/GCC/ARM_CM3/port.o" "D:/Proyecto_Esteto/FreeRTOS-Products/FreeRTOS/portable/GCC/ARM_CM3/port.c"
Finished building: D:/Proyecto_Esteto/FreeRTOS-Products/FreeRTOS/portable/GCC/ARM_CM3/port.c
 
Building file: D:/Proyecto_Esteto/FreeRTOS-Products/FreeRTOS-Plus-IO/Device/LPC17xx/FreeRTOS_lpc17xx_DriverInterface.c
Invoking: MCU C Compiler
arm-none-eabi-gcc -D__REDLIB__ -DDEBUG -D__CODE_RED -D__USE_CMSIS=CMSISv2p00_LPC17xx -I"D:\Proyecto_Esteto\FreeRTOS-Products\FreeRTOS-Plus-IO\Device\LPC17xx\SupportedBoards" -I"D:\Proyecto_Esteto\FreeRTOS-Products\FreeRTOS-Plus-IO\Include" -I"D:\Proyecto_Esteto\FreeRTOS-Products\FreeRTOS-Plus-CLI" -I"D:\Proyecto_Esteto\FreeRTOS-Products\FreeRTOS\portable\GCC\ARM_CM3" -I"D:\Proyecto_Esteto\FreeRTOS-Products\FreeRTOS\include" -I"D:\Proyecto_Esteto\CMSISv2p00_LPC17xx\inc" -I"D:\Proyecto_Esteto\FreeRTOS-Plus-Demo-5\Source\Examples\Include" -I"D:\Proyecto_Esteto\FreeRTOS-Plus-Demo-5\Source" -I"D:\Proyecto_Esteto\lpc17xx.cmsis.driver.library\Include" -O0 -g3 -Wall -c -fmessage-length=0 -fno-builtin -ffunction-sections -fdata-sections -Wextra -mcpu=cortex-m3 -mthumb -MMD -MP -MF"Source/FreeRTOS-Products/FreeRTOS-Plus-IO/Device/LPC17xx/FreeRTOS_lpc17xx_DriverInterface.d" -MT"Source/FreeRTOS-Products/FreeRTOS-Plus-IO/Device/LPC17xx/FreeRTOS_lpc17xx_DriverInterface.d" -o "Source/FreeRTOS-Products/FreeRTOS-Plus-IO/Device/LPC17xx/FreeRTOS_lpc17xx_DriverInterface.o" "D:/Proyecto_Esteto/FreeRTOS-Products/FreeRTOS-Plus-IO/Device/LPC17xx/FreeRTOS_lpc17xx_DriverInterface.c"
Finished building: D:/Proyecto_Esteto/FreeRTOS-Products/FreeRTOS-Plus-IO/Device/LPC17xx/FreeRTOS_lpc17xx_DriverInterface.c
 
Building file: D:/Proyecto_Esteto/FreeRTOS-Products/FreeRTOS-Plus-IO/Device/LPC17xx/FreeRTOS_lpc17xx_i2c.c
Invoking: MCU C Compiler
arm-none-eabi-gcc -D__REDLIB__ -DDEBUG -D__CODE_RED -D__USE_CMSIS=CMSISv2p00_LPC17xx -I"D:\Proyecto_Esteto\FreeRTOS-Products\FreeRTOS-Plus-IO\Device\LPC17xx\SupportedBoards" -I"D:\Proyecto_Esteto\FreeRTOS-Products\FreeRTOS-Plus-IO\Include" -I"D:\Proyecto_Esteto\FreeRTOS-Products\FreeRTOS-Plus-CLI" -I"D:\Proyecto_Esteto\FreeRTOS-Products\FreeRTOS\portable\GCC\ARM_CM3" -I"D:\Proyecto_Esteto\FreeRTOS-Products\FreeRTOS\include" -I"D:\Proyecto_Esteto\CMSISv2p00_LPC17xx\inc" -I"D:\Proyecto_Esteto\FreeRTOS-Plus-Demo-5\Source\Examples\Include" -I"D:\Proyecto_Esteto\FreeRTOS-Plus-Demo-5\Source" -I"D:\Proyecto_Esteto\lpc17xx.cmsis.driver.library\Include" -O0 -g3 -Wall -c -fmessage-length=0 -fno-builtin -ffunction-sections -fdata-sections -Wextra -mcpu=cortex-m3 -mthumb -MMD -MP -MF"Source/FreeRTOS-Products/FreeRTOS-Plus-IO/Device/LPC17xx/FreeRTOS_lpc17xx_i2c.d" -MT"Source/FreeRTOS-Products/FreeRTOS-Plus-IO/Device/LPC17xx/FreeRTOS_lpc17xx_i2c.d" -o "Source/FreeRTOS-Products/FreeRTOS-Plus-IO/Device/LPC17xx/FreeRTOS_lpc17xx_i2c.o" "D:/Proyecto_Esteto/FreeRTOS-Products/FreeRTOS-Plus-IO/Device/LPC17xx/FreeRTOS_lpc17xx_i2c.c"
Finished building: D:/Proyecto_Esteto/FreeRTOS-Products/FreeRTOS-Plus-IO/Device/LPC17xx/FreeRTOS_lpc17xx_i2c.c
 
Building file: D:/Proyecto_Esteto/FreeRTOS-Products/FreeRTOS-Plus-IO/Device/LPC17xx/FreeRTOS_lpc17xx_ssp.c
Invoking: MCU C Compiler
arm-none-eabi-gcc -D__REDLIB__ -DDEBUG -D__CODE_RED -D__USE_CMSIS=CMSISv2p00_LPC17xx -I"D:\Proyecto_Esteto\FreeRTOS-Products\FreeRTOS-Plus-IO\Device\LPC17xx\SupportedBoards" -I"D:\Proyecto_Esteto\FreeRTOS-Products\FreeRTOS-Plus-IO\Include" -I"D:\Proyecto_Esteto\FreeRTOS-Products\FreeRTOS-Plus-CLI" -I"D:\Proyecto_Esteto\FreeRTOS-Products\FreeRTOS\portable\GCC\ARM_CM3" -I"D:\Proyecto_Esteto\FreeRTOS-Products\FreeRTOS\include" -I"D:\Proyecto_Esteto\CMSISv2p00_LPC17xx\inc" -I"D:\Proyecto_Esteto\FreeRTOS-Plus-Demo-5\Source\Examples\Include" -I"D:\Proyecto_Esteto\FreeRTOS-Plus-Demo-5\Source" -I"D:\Proyecto_Esteto\lpc17xx.cmsis.driver.library\Include" -O0 -g3 -Wall -c -fmessage-length=0 -fno-builtin -ffunction-sections -fdata-sections -Wextra -mcpu=cortex-m3 -mthumb -MMD -MP -MF"Source/FreeRTOS-Products/FreeRTOS-Plus-IO/Device/LPC17xx/FreeRTOS_lpc17xx_ssp.d" -MT"Source/FreeRTOS-Products/FreeRTOS-Plus-IO/Device/LPC17xx/FreeRTOS_lpc17xx_ssp.d" -o "Source/FreeRTOS-Products/FreeRTOS-Plus-IO/Device/LPC17xx/FreeRTOS_lpc17xx_ssp.o" "D:/Proyecto_Esteto/FreeRTOS-Products/FreeRTOS-Plus-IO/Device/LPC17xx/FreeRTOS_lpc17xx_ssp.c"
D:/Proyecto_Esteto/FreeRTOS-Products/FreeRTOS-Plus-IO/Device/LPC17xx/FreeRTOS_lpc17xx_ssp.c: In function 'FreeRTOS_SSP_open':
D:/Proyecto_Esteto/FreeRTOS-Products/FreeRTOS-Plus-IO/Device/LPC17xx/FreeRTOS_lpc17xx_ssp.c:111:19: warning: variable 'usJunkIt' set but not used [-Wunused-but-set-variable]
D:/Proyecto_Esteto/FreeRTOS-Products/FreeRTOS-Plus-IO/Device/LPC17xx/FreeRTOS_lpc17xx_ssp.c: In function 'SSP1_IRQHandler':
D:/Proyecto_Esteto/FreeRTOS-Products/FreeRTOS-Plus-IO/Device/LPC17xx/FreeRTOS_lpc17xx_ssp.c:595:19: warning: variable 'usJunk' set but not used [-Wunused-but-set-variable]
Finished building: D:/Proyecto_Esteto/FreeRTOS-Products/FreeRTOS-Plus-IO/Device/LPC17xx/FreeRTOS_lpc17xx_ssp.c
 
Building file: D:/Proyecto_Esteto/FreeRTOS-Products/FreeRTOS-Plus-IO/Device/LPC17xx/FreeRTOS_lpc17xx_uart.c
Invoking: MCU C Compiler
arm-none-eabi-gcc -D__REDLIB__ -DDEBUG -D__CODE_RED -D__USE_CMSIS=CMSISv2p00_LPC17xx -I"D:\Proyecto_Esteto\FreeRTOS-Products\FreeRTOS-Plus-IO\Device\LPC17xx\SupportedBoards" -I"D:\Proyecto_Esteto\FreeRTOS-Products\FreeRTOS-Plus-IO\Include" -I"D:\Proyecto_Esteto\FreeRTOS-Products\FreeRTOS-Plus-CLI" -I"D:\Proyecto_Esteto\FreeRTOS-Products\FreeRTOS\portable\GCC\ARM_CM3" -I"D:\Proyecto_Esteto\FreeRTOS-Products\FreeRTOS\include" -I"D:\Proyecto_Esteto\CMSISv2p00_LPC17xx\inc" -I"D:\Proyecto_Esteto\FreeRTOS-Plus-Demo-5\Source\Examples\Include" -I"D:\Proyecto_Esteto\FreeRTOS-Plus-Demo-5\Source" -I"D:\Proyecto_Esteto\lpc17xx.cmsis.driver.library\Include" -O0 -g3 -Wall -c -fmessage-length=0 -fno-builtin -ffunction-sections -fdata-sections -Wextra -mcpu=cortex-m3 -mthumb -MMD -MP -MF"Source/FreeRTOS-Products/FreeRTOS-Plus-IO/Device/LPC17xx/FreeRTOS_lpc17xx_uart.d" -MT"Source/FreeRTOS-Products/FreeRTOS-Plus-IO/Device/LPC17xx/FreeRTOS_lpc17xx_uart.d" -o "Source/FreeRTOS-Products/FreeRTOS-Plus-IO/Device/LPC17xx/FreeRTOS_lpc17xx_uart.o" "D:/Proyecto_Esteto/FreeRTOS-Products/FreeRTOS-Plus-IO/Device/LPC17xx/FreeRTOS_lpc17xx_uart.c"
Finished building: D:/Proyecto_Esteto/FreeRTOS-Products/FreeRTOS-Plus-IO/Device/LPC17xx/FreeRTOS_lpc17xx_uart.c
 
Building file: D:/Proyecto_Esteto/FreeRTOS-Products/FreeRTOS-Plus-IO/Common/FreeRTOS_DriverInterface.c
Invoking: MCU C Compiler
arm-none-eabi-gcc -D__REDLIB__ -DDEBUG -D__CODE_RED -D__USE_CMSIS=CMSISv2p00_LPC17xx -I"D:\Proyecto_Esteto\FreeRTOS-Products\FreeRTOS-Plus-IO\Device\LPC17xx\SupportedBoards" -I"D:\Proyecto_Esteto\FreeRTOS-Products\FreeRTOS-Plus-IO\Include" -I"D:\Proyecto_Esteto\FreeRTOS-Products\FreeRTOS-Plus-CLI" -I"D:\Proyecto_Esteto\FreeRTOS-Products\FreeRTOS\portable\GCC\ARM_CM3" -I"D:\Proyecto_Esteto\FreeRTOS-Products\FreeRTOS\include" -I"D:\Proyecto_Esteto\CMSISv2p00_LPC17xx\inc" -I"D:\Proyecto_Esteto\FreeRTOS-Plus-Demo-5\Source\Examples\Include" -I"D:\Proyecto_Esteto\FreeRTOS-Plus-Demo-5\Source" -I"D:\Proyecto_Esteto\lpc17xx.cmsis.driver.library\Include" -O0 -g3 -Wall -c -fmessage-length=0 -fno-builtin -ffunction-sections -fdata-sections -Wextra -mcpu=cortex-m3 -mthumb -MMD -MP -MF"Source/FreeRTOS-Products/FreeRTOS-Plus-IO/Common/FreeRTOS_DriverInterface.d" -MT"Source/FreeRTOS-Products/FreeRTOS-Plus-IO/Common/FreeRTOS_DriverInterface.d" -o "Source/FreeRTOS-Products/FreeRTOS-Plus-IO/Common/FreeRTOS_DriverInterface.o" "D:/Proyecto_Esteto/FreeRTOS-Products/FreeRTOS-Plus-IO/Common/FreeRTOS_DriverInterface.c"
Finished building: D:/Proyecto_Esteto/FreeRTOS-Products/FreeRTOS-Plus-IO/Common/FreeRTOS_DriverInterface.c
 
Building file: D:/Proyecto_Esteto/FreeRTOS-Products/FreeRTOS-Plus-IO/Common/FreeRTOS_IOUtils.c
Invoking: MCU C Compiler
arm-none-eabi-gcc -D__REDLIB__ -DDEBUG -D__CODE_RED -D__USE_CMSIS=CMSISv2p00_LPC17xx -I"D:\Proyecto_Esteto\FreeRTOS-Products\FreeRTOS-Plus-IO\Device\LPC17xx\SupportedBoards" -I"D:\Proyecto_Esteto\FreeRTOS-Products\FreeRTOS-Plus-IO\Include" -I"D:\Proyecto_Esteto\FreeRTOS-Products\FreeRTOS-Plus-CLI" -I"D:\Proyecto_Esteto\FreeRTOS-Products\FreeRTOS\portable\GCC\ARM_CM3" -I"D:\Proyecto_Esteto\FreeRTOS-Products\FreeRTOS\include" -I"D:\Proyecto_Esteto\CMSISv2p00_LPC17xx\inc" -I"D:\Proyecto_Esteto\FreeRTOS-Plus-Demo-5\Source\Examples\Include" -I"D:\Proyecto_Esteto\FreeRTOS-Plus-Demo-5\Source" -I"D:\Proyecto_Esteto\lpc17xx.cmsis.driver.library\Include" -O0 -g3 -Wall -c -fmessage-length=0 -fno-builtin -ffunction-sections -fdata-sections -Wextra -mcpu=cortex-m3 -mthumb -MMD -MP -MF"Source/FreeRTOS-Products/FreeRTOS-Plus-IO/Common/FreeRTOS_IOUtils.d" -MT"Source/FreeRTOS-Products/FreeRTOS-Plus-IO/Common/FreeRTOS_IOUtils.d" -o "Source/FreeRTOS-Products/FreeRTOS-Plus-IO/Common/FreeRTOS_IOUtils.o" "D:/Proyecto_Esteto/FreeRTOS-Products/FreeRTOS-Plus-IO/Common/FreeRTOS_IOUtils.c"
Finished building: D:/Proyecto_Esteto/FreeRTOS-Products/FreeRTOS-Plus-IO/Common/FreeRTOS_IOUtils.c
 
Building file: D:/Proyecto_Esteto/FreeRTOS-Products/FreeRTOS-Plus-IO/Common/IOUtils_CharQueueTxAndRx.c
Invoking: MCU C Compiler
arm-none-eabi-gcc -D__REDLIB__ -DDEBUG -D__CODE_RED -D__USE_CMSIS=CMSISv2p00_LPC17xx -I"D:\Proyecto_Esteto\FreeRTOS-Products\FreeRTOS-Plus-IO\Device\LPC17xx\SupportedBoards" -I"D:\Proyecto_Esteto\FreeRTOS-Products\FreeRTOS-Plus-IO\Include" -I"D:\Proyecto_Esteto\FreeRTOS-Products\FreeRTOS-Plus-CLI" -I"D:\Proyecto_Esteto\FreeRTOS-Products\FreeRTOS\portable\GCC\ARM_CM3" -I"D:\Proyecto_Esteto\FreeRTOS-Products\FreeRTOS\include" -I"D:\Proyecto_Esteto\CMSISv2p00_LPC17xx\inc" -I"D:\Proyecto_Esteto\FreeRTOS-Plus-Demo-5\Source\Examples\Include" -I"D:\Proyecto_Esteto\FreeRTOS-Plus-Demo-5\Source" -I"D:\Proyecto_Esteto\lpc17xx.cmsis.driver.library\Include" -O0 -g3 -Wall -c -fmessage-length=0 -fno-builtin -ffunction-sections -fdata-sections -Wextra -mcpu=cortex-m3 -mthumb -MMD -MP -MF"Source/FreeRTOS-Products/FreeRTOS-Plus-IO/Common/IOUtils_CharQueueTxAndRx.d" -MT"Source/FreeRTOS-Products/FreeRTOS-Plus-IO/Common/IOUtils_CharQueueTxAndRx.d" -o "Source/FreeRTOS-Products/FreeRTOS-Plus-IO/Common/IOUtils_CharQueueTxAndRx.o" "D:/Proyecto_Esteto/FreeRTOS-Products/FreeRTOS-Plus-IO/Common/IOUtils_CharQueueTxAndRx.c"
Finished building: D:/Proyecto_Esteto/FreeRTOS-Products/FreeRTOS-Plus-IO/Common/IOUtils_CharQueueTxAndRx.c
 
Building file: D:/Proyecto_Esteto/FreeRTOS-Products/FreeRTOS-Plus-IO/Common/IOUtils_CircularBufferRx.c
Invoking: MCU C Compiler
arm-none-eabi-gcc -D__REDLIB__ -DDEBUG -D__CODE_RED -D__USE_CMSIS=CMSISv2p00_LPC17xx -I"D:\Proyecto_Esteto\FreeRTOS-Products\FreeRTOS-Plus-IO\Device\LPC17xx\SupportedBoards" -I"D:\Proyecto_Esteto\FreeRTOS-Products\FreeRTOS-Plus-IO\Include" -I"D:\Proyecto_Esteto\FreeRTOS-Products\FreeRTOS-Plus-CLI" -I"D:\Proyecto_Esteto\FreeRTOS-Products\FreeRTOS\portable\GCC\ARM_CM3" -I"D:\Proyecto_Esteto\FreeRTOS-Products\FreeRTOS\include" -I"D:\Proyecto_Esteto\CMSISv2p00_LPC17xx\inc" -I"D:\Proyecto_Esteto\FreeRTOS-Plus-Demo-5\Source\Examples\Include" -I"D:\Proyecto_Esteto\FreeRTOS-Plus-Demo-5\Source" -I"D:\Proyecto_Esteto\lpc17xx.cmsis.driver.library\Include" -O0 -g3 -Wall -c -fmessage-length=0 -fno-builtin -ffunction-sections -fdata-sections -Wextra -mcpu=cortex-m3 -mthumb -MMD -MP -MF"Source/FreeRTOS-Products/FreeRTOS-Plus-IO/Common/IOUtils_CircularBufferRx.d" -MT"Source/FreeRTOS-Products/FreeRTOS-Plus-IO/Common/IOUtils_CircularBufferRx.d" -o "Source/FreeRTOS-Products/FreeRTOS-Plus-IO/Common/IOUtils_CircularBufferRx.o" "D:/Proyecto_Esteto/FreeRTOS-Products/FreeRTOS-Plus-IO/Common/IOUtils_CircularBufferRx.c"
Finished building: D:/Proyecto_Esteto/FreeRTOS-Products/FreeRTOS-Plus-IO/Common/IOUtils_CircularBufferRx.c
 
Building file: D:/Proyecto_Esteto/FreeRTOS-Products/FreeRTOS-Plus-IO/Common/IOUtils_ZeroCopyTx.c
Invoking: MCU C Compiler
arm-none-eabi-gcc -D__REDLIB__ -DDEBUG -D__CODE_RED -D__USE_CMSIS=CMSISv2p00_LPC17xx -I"D:\Proyecto_Esteto\FreeRTOS-Products\FreeRTOS-Plus-IO\Device\LPC17xx\SupportedBoards" -I"D:\Proyecto_Esteto\FreeRTOS-Products\FreeRTOS-Plus-IO\Include" -I"D:\Proyecto_Esteto\FreeRTOS-Products\FreeRTOS-Plus-CLI" -I"D:\Proyecto_Esteto\FreeRTOS-Products\FreeRTOS\portable\GCC\ARM_CM3" -I"D:\Proyecto_Esteto\FreeRTOS-Products\FreeRTOS\include" -I"D:\Proyecto_Esteto\CMSISv2p00_LPC17xx\inc" -I"D:\Proyecto_Esteto\FreeRTOS-Plus-Demo-5\Source\Examples\Include" -I"D:\Proyecto_Esteto\FreeRTOS-Plus-Demo-5\Source" -I"D:\Proyecto_Esteto\lpc17xx.cmsis.driver.library\Include" -O0 -g3 -Wall -c -fmessage-length=0 -fno-builtin -ffunction-sections -fdata-sections -Wextra -mcpu=cortex-m3 -mthumb -MMD -MP -MF"Source/FreeRTOS-Products/FreeRTOS-Plus-IO/Common/IOUtils_ZeroCopyTx.d" -MT"Source/FreeRTOS-Products/FreeRTOS-Plus-IO/Common/IOUtils_ZeroCopyTx.d" -o "Source/FreeRTOS-Products/FreeRTOS-Plus-IO/Common/IOUtils_ZeroCopyTx.o" "D:/Proyecto_Esteto/FreeRTOS-Products/FreeRTOS-Plus-IO/Common/IOUtils_ZeroCopyTx.c"
Finished building: D:/Proyecto_Esteto/FreeRTOS-Products/FreeRTOS-Plus-IO/Common/IOUtils_ZeroCopyTx.c
 
Building file: D:/Proyecto_Esteto/FreeRTOS-Products/FreeRTOS-Plus-CLI/FreeRTOS_CLI.c
Invoking: MCU C Compiler
arm-none-eabi-gcc -D__REDLIB__ -DDEBUG -D__CODE_RED -D__USE_CMSIS=CMSISv2p00_LPC17xx -I"D:\Proyecto_Esteto\FreeRTOS-Products\FreeRTOS-Plus-IO\Device\LPC17xx\SupportedBoards" -I"D:\Proyecto_Esteto\FreeRTOS-Products\FreeRTOS-Plus-IO\Include" -I"D:\Proyecto_Esteto\FreeRTOS-Products\FreeRTOS-Plus-CLI" -I"D:\Proyecto_Esteto\FreeRTOS-Products\FreeRTOS\portable\GCC\ARM_CM3" -I"D:\Proyecto_Esteto\FreeRTOS-Products\FreeRTOS\include" -I"D:\Proyecto_Esteto\CMSISv2p00_LPC17xx\inc" -I"D:\Proyecto_Esteto\FreeRTOS-Plus-Demo-5\Source\Examples\Include" -I"D:\Proyecto_Esteto\FreeRTOS-Plus-Demo-5\Source" -I"D:\Proyecto_Esteto\lpc17xx.cmsis.driver.library\Include" -O0 -g3 -Wall -c -fmessage-length=0 -fno-builtin -ffunction-sections -fdata-sections -Wextra -mcpu=cortex-m3 -mthumb -MMD -MP -MF"Source/FreeRTOS-Products/FreeRTOS-Plus-CLI/FreeRTOS_CLI.d" -MT"Source/FreeRTOS-Products/FreeRTOS-Plus-CLI/FreeRTOS_CLI.d" -o "Source/FreeRTOS-Products/FreeRTOS-Plus-CLI/FreeRTOS_CLI.o" "D:/Proyecto_Esteto/FreeRTOS-Products/FreeRTOS-Plus-CLI/FreeRTOS_CLI.c"
Finished building: D:/Proyecto_Esteto/FreeRTOS-Products/FreeRTOS-Plus-CLI/FreeRTOS_CLI.c
 
Building file: D:/Proyecto_Esteto/FreeRTOS-Products/FreeRTOS/croutine.c
Invoking: MCU C Compiler
arm-none-eabi-gcc -D__REDLIB__ -DDEBUG -D__CODE_RED -D__USE_CMSIS=CMSISv2p00_LPC17xx -I"D:\Proyecto_Esteto\FreeRTOS-Products\FreeRTOS-Plus-IO\Device\LPC17xx\SupportedBoards" -I"D:\Proyecto_Esteto\FreeRTOS-Products\FreeRTOS-Plus-IO\Include" -I"D:\Proyecto_Esteto\FreeRTOS-Products\FreeRTOS-Plus-CLI" -I"D:\Proyecto_Esteto\FreeRTOS-Products\FreeRTOS\portable\GCC\ARM_CM3" -I"D:\Proyecto_Esteto\FreeRTOS-Products\FreeRTOS\include" -I"D:\Proyecto_Esteto\CMSISv2p00_LPC17xx\inc" -I"D:\Proyecto_Esteto\FreeRTOS-Plus-Demo-5\Source\Examples\Include" -I"D:\Proyecto_Esteto\FreeRTOS-Plus-Demo-5\Source" -I"D:\Proyecto_Esteto\lpc17xx.cmsis.driver.library\Include" -O0 -g3 -Wall -c -fmessage-length=0 -fno-builtin -ffunction-sections -fdata-sections -Wextra -mcpu=cortex-m3 -mthumb -MMD -MP -MF"Source/FreeRTOS-Products/FreeRTOS/croutine.d" -MT"Source/FreeRTOS-Products/FreeRTOS/croutine.d" -o "Source/FreeRTOS-Products/FreeRTOS/croutine.o" "D:/Proyecto_Esteto/FreeRTOS-Products/FreeRTOS/croutine.c"
Finished building: D:/Proyecto_Esteto/FreeRTOS-Products/FreeRTOS/croutine.c
 
Building file: D:/Proyecto_Esteto/FreeRTOS-Products/FreeRTOS/list.c
Invoking: MCU C Compiler
arm-none-eabi-gcc -D__REDLIB__ -DDEBUG -D__CODE_RED -D__USE_CMSIS=CMSISv2p00_LPC17xx -I"D:\Proyecto_Esteto\FreeRTOS-Products\FreeRTOS-Plus-IO\Device\LPC17xx\SupportedBoards" -I"D:\Proyecto_Esteto\FreeRTOS-Products\FreeRTOS-Plus-IO\Include" -I"D:\Proyecto_Esteto\FreeRTOS-Products\FreeRTOS-Plus-CLI" -I"D:\Proyecto_Esteto\FreeRTOS-Products\FreeRTOS\portable\GCC\ARM_CM3" -I"D:\Proyecto_Esteto\FreeRTOS-Products\FreeRTOS\include" -I"D:\Proyecto_Esteto\CMSISv2p00_LPC17xx\inc" -I"D:\Proyecto_Esteto\FreeRTOS-Plus-Demo-5\Source\Examples\Include" -I"D:\Proyecto_Esteto\FreeRTOS-Plus-Demo-5\Source" -I"D:\Proyecto_Esteto\lpc17xx.cmsis.driver.library\Include" -O0 -g3 -Wall -c -fmessage-length=0 -fno-builtin -ffunction-sections -fdata-sections -Wextra -mcpu=cortex-m3 -mthumb -MMD -MP -MF"Source/FreeRTOS-Products/FreeRTOS/list.d" -MT"Source/FreeRTOS-Products/FreeRTOS/list.d" -o "Source/FreeRTOS-Products/FreeRTOS/list.o" "D:/Proyecto_Esteto/FreeRTOS-Products/FreeRTOS/list.c"
Finished building: D:/Proyecto_Esteto/FreeRTOS-Products/FreeRTOS/list.c
 
Building file: D:/Proyecto_Esteto/FreeRTOS-Products/FreeRTOS/queue.c
Invoking: MCU C Compiler
arm-none-eabi-gcc -D__REDLIB__ -DDEBUG -D__CODE_RED -D__USE_CMSIS=CMSISv2p00_LPC17xx -I"D:\Proyecto_Esteto\FreeRTOS-Products\FreeRTOS-Plus-IO\Device\LPC17xx\SupportedBoards" -I"D:\Proyecto_Esteto\FreeRTOS-Products\FreeRTOS-Plus-IO\Include" -I"D:\Proyecto_Esteto\FreeRTOS-Products\FreeRTOS-Plus-CLI" -I"D:\Proyecto_Esteto\FreeRTOS-Products\FreeRTOS\portable\GCC\ARM_CM3" -I"D:\Proyecto_Esteto\FreeRTOS-Products\FreeRTOS\include" -I"D:\Proyecto_Esteto\CMSISv2p00_LPC17xx\inc" -I"D:\Proyecto_Esteto\FreeRTOS-Plus-Demo-5\Source\Examples\Include" -I"D:\Proyecto_Esteto\FreeRTOS-Plus-Demo-5\Source" -I"D:\Proyecto_Esteto\lpc17xx.cmsis.driver.library\Include" -O0 -g3 -Wall -c -fmessage-length=0 -fno-builtin -ffunction-sections -fdata-sections -Wextra -mcpu=cortex-m3 -mthumb -MMD -MP -MF"Source/FreeRTOS-Products/FreeRTOS/queue.d" -MT"Source/FreeRTOS-Products/FreeRTOS/queue.d" -o "Source/FreeRTOS-Products/FreeRTOS/queue.o" "D:/Proyecto_Esteto/FreeRTOS-Products/FreeRTOS/queue.c"
Finished building: D:/Proyecto_Esteto/FreeRTOS-Products/FreeRTOS/queue.c
 
Building file: D:/Proyecto_Esteto/FreeRTOS-Products/FreeRTOS/tasks.c
Invoking: MCU C Compiler
arm-none-eabi-gcc -D__REDLIB__ -DDEBUG -D__CODE_RED -D__USE_CMSIS=CMSISv2p00_LPC17xx -I"D:\Proyecto_Esteto\FreeRTOS-Products\FreeRTOS-Plus-IO\Device\LPC17xx\SupportedBoards" -I"D:\Proyecto_Esteto\FreeRTOS-Products\FreeRTOS-Plus-IO\Include" -I"D:\Proyecto_Esteto\FreeRTOS-Products\FreeRTOS-Plus-CLI" -I"D:\Proyecto_Esteto\FreeRTOS-Products\FreeRTOS\portable\GCC\ARM_CM3" -I"D:\Proyecto_Esteto\FreeRTOS-Products\FreeRTOS\include" -I"D:\Proyecto_Esteto\CMSISv2p00_LPC17xx\inc" -I"D:\Proyecto_Esteto\FreeRTOS-Plus-Demo-5\Source\Examples\Include" -I"D:\Proyecto_Esteto\FreeRTOS-Plus-Demo-5\Source" -I"D:\Proyecto_Esteto\lpc17xx.cmsis.driver.library\Include" -O0 -g3 -Wall -c -fmessage-length=0 -fno-builtin -ffunction-sections -fdata-sections -Wextra -mcpu=cortex-m3 -mthumb -MMD -MP -MF"Source/FreeRTOS-Products/FreeRTOS/tasks.d" -MT"Source/FreeRTOS-Products/FreeRTOS/tasks.d" -o "Source/FreeRTOS-Products/FreeRTOS/tasks.o" "D:/Proyecto_Esteto/FreeRTOS-Products/FreeRTOS/tasks.c"
Finished building: D:/Proyecto_Esteto/FreeRTOS-Products/FreeRTOS/tasks.c
 
Building file: D:/Proyecto_Esteto/FreeRTOS-Products/FreeRTOS/timers.c
Invoking: MCU C Compiler
arm-none-eabi-gcc -D__REDLIB__ -DDEBUG -D__CODE_RED -D__USE_CMSIS=CMSISv2p00_LPC17xx -I"D:\Proyecto_Esteto\FreeRTOS-Products\FreeRTOS-Plus-IO\Device\LPC17xx\SupportedBoards" -I"D:\Proyecto_Esteto\FreeRTOS-Products\FreeRTOS-Plus-IO\Include" -I"D:\Proyecto_Esteto\FreeRTOS-Products\FreeRTOS-Plus-CLI" -I"D:\Proyecto_Esteto\FreeRTOS-Products\FreeRTOS\portable\GCC\ARM_CM3" -I"D:\Proyecto_Esteto\FreeRTOS-Products\FreeRTOS\include" -I"D:\Proyecto_Esteto\CMSISv2p00_LPC17xx\inc" -I"D:\Proyecto_Esteto\FreeRTOS-Plus-Demo-5\Source\Examples\Include" -I"D:\Proyecto_Esteto\FreeRTOS-Plus-Demo-5\Source" -I"D:\Proyecto_Esteto\lpc17xx.cmsis.driver.library\Include" -O0 -g3 -Wall -c -fmessage-length=0 -fno-builtin -ffunction-sections -fdata-sections -Wextra -mcpu=cortex-m3 -mthumb -MMD -MP -MF"Source/FreeRTOS-Products/FreeRTOS/timers.d" -MT"Source/FreeRTOS-Products/FreeRTOS/timers.d" -o "Source/FreeRTOS-Products/FreeRTOS/timers.o" "D:/Proyecto_Esteto/FreeRTOS-Products/FreeRTOS/timers.c"
Finished building: D:/Proyecto_Esteto/FreeRTOS-Products/FreeRTOS/timers.c
 
Building file: ../Source/Examples/UART/CLI-commands.c
Invoking: MCU C Compiler
arm-none-eabi-gcc -D__REDLIB__ -DDEBUG -D__CODE_RED -D__USE_CMSIS=CMSISv2p00_LPC17xx -I"D:\Proyecto_Esteto\FreeRTOS-Products\FreeRTOS-Plus-IO\Device\LPC17xx\SupportedBoards" -I"D:\Proyecto_Esteto\FreeRTOS-Products\FreeRTOS-Plus-IO\Include" -I"D:\Proyecto_Esteto\FreeRTOS-Products\FreeRTOS-Plus-CLI" -I"D:\Proyecto_Esteto\FreeRTOS-Products\FreeRTOS\portable\GCC\ARM_CM3" -I"D:\Proyecto_Esteto\FreeRTOS-Products\FreeRTOS\include" -I"D:\Proyecto_Esteto\CMSISv2p00_LPC17xx\inc" -I"D:\Proyecto_Esteto\FreeRTOS-Plus-Demo-5\Source\Examples\Include" -I"D:\Proyecto_Esteto\FreeRTOS-Plus-Demo-5\Source" -I"D:\Proyecto_Esteto\lpc17xx.cmsis.driver.library\Include" -O0 -g3 -Wall -c -fmessage-length=0 -fno-builtin -ffunction-sections -fdata-sections -Wextra -mcpu=cortex-m3 -mthumb -MMD -MP -MF"Source/Examples/UART/CLI-commands.d" -MT"Source/Examples/UART/CLI-commands.d" -o "Source/Examples/UART/CLI-commands.o" "../Source/Examples/UART/CLI-commands.c"
Finished building: ../Source/Examples/UART/CLI-commands.c
 
Building file: ../Source/Examples/UART/UART-interrupt-driven-command-console.c
Invoking: MCU C Compiler
arm-none-eabi-gcc -D__REDLIB__ -DDEBUG -D__CODE_RED -D__USE_CMSIS=CMSISv2p00_LPC17xx -I"D:\Proyecto_Esteto\FreeRTOS-Products\FreeRTOS-Plus-IO\Device\LPC17xx\SupportedBoards" -I"D:\Proyecto_Esteto\FreeRTOS-Products\FreeRTOS-Plus-IO\Include" -I"D:\Proyecto_Esteto\FreeRTOS-Products\FreeRTOS-Plus-CLI" -I"D:\Proyecto_Esteto\FreeRTOS-Products\FreeRTOS\portable\GCC\ARM_CM3" -I"D:\Proyecto_Esteto\FreeRTOS-Products\FreeRTOS\include" -I"D:\Proyecto_Esteto\CMSISv2p00_LPC17xx\inc" -I"D:\Proyecto_Esteto\FreeRTOS-Plus-Demo-5\Source\Examples\Include" -I"D:\Proyecto_Esteto\FreeRTOS-Plus-Demo-5\Source" -I"D:\Proyecto_Esteto\lpc17xx.cmsis.driver.library\Include" -O0 -g3 -Wall -c -fmessage-length=0 -fno-builtin -ffunction-sections -fdata-sections -Wextra -mcpu=cortex-m3 -mthumb -MMD -MP -MF"Source/Examples/UART/UART-interrupt-driven-command-console.d" -MT"Source/Examples/UART/UART-interrupt-driven-command-console.d" -o "Source/Examples/UART/UART-interrupt-driven-command-console.o" "../Source/Examples/UART/UART-interrupt-driven-command-console.c"
Finished building: ../Source/Examples/UART/UART-interrupt-driven-command-console.c
 
Building file: ../Source/Examples/UART/UART-operation-modes-test.c
Invoking: MCU C Compiler
arm-none-eabi-gcc -D__REDLIB__ -DDEBUG -D__CODE_RED -D__USE_CMSIS=CMSISv2p00_LPC17xx -I"D:\Proyecto_Esteto\FreeRTOS-Products\FreeRTOS-Plus-IO\Device\LPC17xx\SupportedBoards" -I"D:\Proyecto_Esteto\FreeRTOS-Products\FreeRTOS-Plus-IO\Include" -I"D:\Proyecto_Esteto\FreeRTOS-Products\FreeRTOS-Plus-CLI" -I"D:\Proyecto_Esteto\FreeRTOS-Products\FreeRTOS\portable\GCC\ARM_CM3" -I"D:\Proyecto_Esteto\FreeRTOS-Products\FreeRTOS\include" -I"D:\Proyecto_Esteto\CMSISv2p00_LPC17xx\inc" -I"D:\Proyecto_Esteto\FreeRTOS-Plus-Demo-5\Source\Examples\Include" -I"D:\Proyecto_Esteto\FreeRTOS-Plus-Demo-5\Source" -I"D:\Proyecto_Esteto\lpc17xx.cmsis.driver.library\Include" -O0 -g3 -Wall -c -fmessage-length=0 -fno-builtin -ffunction-sections -fdata-sections -Wextra -mcpu=cortex-m3 -mthumb -MMD -MP -MF"Source/Examples/UART/UART-operation-modes-test.d" -MT"Source/Examples/UART/UART-operation-modes-test.d" -o "Source/Examples/UART/UART-operation-modes-test.o" "../Source/Examples/UART/UART-operation-modes-test.c"
Finished building: ../Source/Examples/UART/UART-operation-modes-test.c
 
Building file: ../Source/Examples/SSP/SPI-writes-to-7-seg-display.c
Invoking: MCU C Compiler
arm-none-eabi-gcc -D__REDLIB__ -DDEBUG -D__CODE_RED -D__USE_CMSIS=CMSISv2p00_LPC17xx -I"D:\Proyecto_Esteto\FreeRTOS-Products\FreeRTOS-Plus-IO\Device\LPC17xx\SupportedBoards" -I"D:\Proyecto_Esteto\FreeRTOS-Products\FreeRTOS-Plus-IO\Include" -I"D:\Proyecto_Esteto\FreeRTOS-Products\FreeRTOS-Plus-CLI" -I"D:\Proyecto_Esteto\FreeRTOS-Products\FreeRTOS\portable\GCC\ARM_CM3" -I"D:\Proyecto_Esteto\FreeRTOS-Products\FreeRTOS\include" -I"D:\Proyecto_Esteto\CMSISv2p00_LPC17xx\inc" -I"D:\Proyecto_Esteto\FreeRTOS-Plus-Demo-5\Source\Examples\Include" -I"D:\Proyecto_Esteto\FreeRTOS-Plus-Demo-5\Source" -I"D:\Proyecto_Esteto\lpc17xx.cmsis.driver.library\Include" -O0 -g3 -Wall -c -fmessage-length=0 -fno-builtin -ffunction-sections -fdata-sections -Wextra -mcpu=cortex-m3 -mthumb -MMD -MP -MF"Source/Examples/SSP/SPI-writes-to-7-seg-display.d" -MT"Source/Examples/SSP/SPI-writes-to-7-seg-display.d" -o "Source/Examples/SSP/SPI-writes-to-7-seg-display.o" "../Source/Examples/SSP/SPI-writes-to-7-seg-display.c"
Finished building: ../Source/Examples/SSP/SPI-writes-to-7-seg-display.c
 
Building file: ../Source/Examples/I2C/I2C-coordinator.c
Invoking: MCU C Compiler
arm-none-eabi-gcc -D__REDLIB__ -DDEBUG -D__CODE_RED -D__USE_CMSIS=CMSISv2p00_LPC17xx -I"D:\Proyecto_Esteto\FreeRTOS-Products\FreeRTOS-Plus-IO\Device\LPC17xx\SupportedBoards" -I"D:\Proyecto_Esteto\FreeRTOS-Products\FreeRTOS-Plus-IO\Include" -I"D:\Proyecto_Esteto\FreeRTOS-Products\FreeRTOS-Plus-CLI" -I"D:\Proyecto_Esteto\FreeRTOS-Products\FreeRTOS\portable\GCC\ARM_CM3" -I"D:\Proyecto_Esteto\FreeRTOS-Products\FreeRTOS\include" -I"D:\Proyecto_Esteto\CMSISv2p00_LPC17xx\inc" -I"D:\Proyecto_Esteto\FreeRTOS-Plus-Demo-5\Source\Examples\Include" -I"D:\Proyecto_Esteto\FreeRTOS-Plus-Demo-5\Source" -I"D:\Proyecto_Esteto\lpc17xx.cmsis.driver.library\Include" -O0 -g3 -Wall -c -fmessage-length=0 -fno-builtin -ffunction-sections -fdata-sections -Wextra -mcpu=cortex-m3 -mthumb -MMD -MP -MF"Source/Examples/I2C/I2C-coordinator.d" -MT"Source/Examples/I2C/I2C-coordinator.d" -o "Source/Examples/I2C/I2C-coordinator.o" "../Source/Examples/I2C/I2C-coordinator.c"
Finished building: ../Source/Examples/I2C/I2C-coordinator.c
 
Building file: ../Source/Examples/I2C/I2C-to-OLED.c
Invoking: MCU C Compiler
arm-none-eabi-gcc -D__REDLIB__ -DDEBUG -D__CODE_RED -D__USE_CMSIS=CMSISv2p00_LPC17xx -I"D:\Proyecto_Esteto\FreeRTOS-Products\FreeRTOS-Plus-IO\Device\LPC17xx\SupportedBoards" -I"D:\Proyecto_Esteto\FreeRTOS-Products\FreeRTOS-Plus-IO\Include" -I"D:\Proyecto_Esteto\FreeRTOS-Products\FreeRTOS-Plus-CLI" -I"D:\Proyecto_Esteto\FreeRTOS-Products\FreeRTOS\portable\GCC\ARM_CM3" -I"D:\Proyecto_Esteto\FreeRTOS-Products\FreeRTOS\include" -I"D:\Proyecto_Esteto\CMSISv2p00_LPC17xx\inc" -I"D:\Proyecto_Esteto\FreeRTOS-Plus-Demo-5\Source\Examples\Include" -I"D:\Proyecto_Esteto\FreeRTOS-Plus-Demo-5\Source" -I"D:\Proyecto_Esteto\lpc17xx.cmsis.driver.library\Include" -O0 -g3 -Wall -c -fmessage-length=0 -fno-builtin -ffunction-sections -fdata-sections -Wextra -mcpu=cortex-m3 -mthumb -MMD -MP -MF"Source/Examples/I2C/I2C-to-OLED.d" -MT"Source/Examples/I2C/I2C-to-OLED.d" -o "Source/Examples/I2C/I2C-to-OLED.o" "../Source/Examples/I2C/I2C-to-OLED.c"
Finished building: ../Source/Examples/I2C/I2C-to-OLED.c
 
Building file: ../Source/Examples/I2C/I2C-to-and-from-EEPROM.c
Invoking: MCU C Compiler
arm-none-eabi-gcc -D__REDLIB__ -DDEBUG -D__CODE_RED -D__USE_CMSIS=CMSISv2p00_LPC17xx -I"D:\Proyecto_Esteto\FreeRTOS-Products\FreeRTOS-Plus-IO\Device\LPC17xx\SupportedBoards" -I"D:\Proyecto_Esteto\FreeRTOS-Products\FreeRTOS-Plus-IO\Include" -I"D:\Proyecto_Esteto\FreeRTOS-Products\FreeRTOS-Plus-CLI" -I"D:\Proyecto_Esteto\FreeRTOS-Products\FreeRTOS\portable\GCC\ARM_CM3" -I"D:\Proyecto_Esteto\FreeRTOS-Products\FreeRTOS\include" -I"D:\Proyecto_Esteto\CMSISv2p00_LPC17xx\inc" -I"D:\Proyecto_Esteto\FreeRTOS-Plus-Demo-5\Source\Examples\Include" -I"D:\Proyecto_Esteto\FreeRTOS-Plus-Demo-5\Source" -I"D:\Proyecto_Esteto\lpc17xx.cmsis.driver.library\Include" -O0 -g3 -Wall -c -fmessage-length=0 -fno-builtin -ffunction-sections -fdata-sections -Wextra -mcpu=cortex-m3 -mthumb -MMD -MP -MF"Source/Examples/I2C/I2C-to-and-from-EEPROM.d" -MT"Source/Examples/I2C/I2C-to-and-from-EEPROM.d" -o "Source/Examples/I2C/I2C-to-and-from-EEPROM.o" "../Source/Examples/I2C/I2C-to-and-from-EEPROM.c"
Finished building: ../Source/Examples/I2C/I2C-to-and-from-EEPROM.c
 
Building file: ../Source/Examples/I2C/font5x7.c
Invoking: MCU C Compiler
arm-none-eabi-gcc -D__REDLIB__ -DDEBUG -D__CODE_RED -D__USE_CMSIS=CMSISv2p00_LPC17xx -I"D:\Proyecto_Esteto\FreeRTOS-Products\FreeRTOS-Plus-IO\Device\LPC17xx\SupportedBoards" -I"D:\Proyecto_Esteto\FreeRTOS-Products\FreeRTOS-Plus-IO\Include" -I"D:\Proyecto_Esteto\FreeRTOS-Products\FreeRTOS-Plus-CLI" -I"D:\Proyecto_Esteto\FreeRTOS-Products\FreeRTOS\portable\GCC\ARM_CM3" -I"D:\Proyecto_Esteto\FreeRTOS-Products\FreeRTOS\include" -I"D:\Proyecto_Esteto\CMSISv2p00_LPC17xx\inc" -I"D:\Proyecto_Esteto\FreeRTOS-Plus-Demo-5\Source\Examples\Include" -I"D:\Proyecto_Esteto\FreeRTOS-Plus-Demo-5\Source" -I"D:\Proyecto_Esteto\lpc17xx.cmsis.driver.library\Include" -O0 -g3 -Wall -c -fmessage-length=0 -fno-builtin -ffunction-sections -fdata-sections -Wextra -mcpu=cortex-m3 -mthumb -MMD -MP -MF"Source/Examples/I2C/font5x7.d" -MT"Source/Examples/I2C/font5x7.d" -o "Source/Examples/I2C/font5x7.o" "../Source/Examples/I2C/font5x7.c"
Finished building: ../Source/Examples/I2C/font5x7.c
 
Building file: ../Source/Examples/I2C/oled.c
Invoking: MCU C Compiler
arm-none-eabi-gcc -D__REDLIB__ -DDEBUG -D__CODE_RED -D__USE_CMSIS=CMSISv2p00_LPC17xx -I"D:\Proyecto_Esteto\FreeRTOS-Products\FreeRTOS-Plus-IO\Device\LPC17xx\SupportedBoards" -I"D:\Proyecto_Esteto\FreeRTOS-Products\FreeRTOS-Plus-IO\Include" -I"D:\Proyecto_Esteto\FreeRTOS-Products\FreeRTOS-Plus-CLI" -I"D:\Proyecto_Esteto\FreeRTOS-Products\FreeRTOS\portable\GCC\ARM_CM3" -I"D:\Proyecto_Esteto\FreeRTOS-Products\FreeRTOS\include" -I"D:\Proyecto_Esteto\CMSISv2p00_LPC17xx\inc" -I"D:\Proyecto_Esteto\FreeRTOS-Plus-Demo-5\Source\Examples\Include" -I"D:\Proyecto_Esteto\FreeRTOS-Plus-Demo-5\Source" -I"D:\Proyecto_Esteto\lpc17xx.cmsis.driver.library\Include" -O0 -g3 -Wall -c -fmessage-length=0 -fno-builtin -ffunction-sections -fdata-sections -Wextra -mcpu=cortex-m3 -mthumb -MMD -MP -MF"Source/Examples/I2C/oled.d" -MT"Source/Examples/I2C/oled.d" -o "Source/Examples/I2C/oled.o" "../Source/Examples/I2C/oled.c"
Finished building: ../Source/Examples/I2C/oled.c
 
Building file: ../Source/Examples/GPIO/GPIO-output-and-software-timers.c
Invoking: MCU C Compiler
arm-none-eabi-gcc -D__REDLIB__ -DDEBUG -D__CODE_RED -D__USE_CMSIS=CMSISv2p00_LPC17xx -I"D:\Proyecto_Esteto\FreeRTOS-Products\FreeRTOS-Plus-IO\Device\LPC17xx\SupportedBoards" -I"D:\Proyecto_Esteto\FreeRTOS-Products\FreeRTOS-Plus-IO\Include" -I"D:\Proyecto_Esteto\FreeRTOS-Products\FreeRTOS-Plus-CLI" -I"D:\Proyecto_Esteto\FreeRTOS-Products\FreeRTOS\portable\GCC\ARM_CM3" -I"D:\Proyecto_Esteto\FreeRTOS-Products\FreeRTOS\include" -I"D:\Proyecto_Esteto\CMSISv2p00_LPC17xx\inc" -I"D:\Proyecto_Esteto\FreeRTOS-Plus-Demo-5\Source\Examples\Include" -I"D:\Proyecto_Esteto\FreeRTOS-Plus-Demo-5\Source" -I"D:\Proyecto_Esteto\lpc17xx.cmsis.driver.library\Include" -O0 -g3 -Wall -c -fmessage-length=0 -fno-builtin -ffunction-sections -fdata-sections -Wextra -mcpu=cortex-m3 -mthumb -MMD -MP -MF"Source/Examples/GPIO/GPIO-output-and-software-timers.d" -MT"Source/Examples/GPIO/GPIO-output-and-software-timers.d" -o "Source/Examples/GPIO/GPIO-output-and-software-timers.o" "../Source/Examples/GPIO/GPIO-output-and-software-timers.c"
Finished building: ../Source/Examples/GPIO/GPIO-output-and-software-timers.c
 
Building file: ../Source/cr_startup_lpc176x.c
Invoking: MCU C Compiler
arm-none-eabi-gcc -D__REDLIB__ -DDEBUG -D__CODE_RED -D__USE_CMSIS=CMSISv2p00_LPC17xx -I"D:\Proyecto_Esteto\FreeRTOS-Products\FreeRTOS-Plus-IO\Device\LPC17xx\SupportedBoards" -I"D:\Proyecto_Esteto\FreeRTOS-Products\FreeRTOS-Plus-IO\Include" -I"D:\Proyecto_Esteto\FreeRTOS-Products\FreeRTOS-Plus-CLI" -I"D:\Proyecto_Esteto\FreeRTOS-Products\FreeRTOS\portable\GCC\ARM_CM3" -I"D:\Proyecto_Esteto\FreeRTOS-Products\FreeRTOS\include" -I"D:\Proyecto_Esteto\CMSISv2p00_LPC17xx\inc" -I"D:\Proyecto_Esteto\FreeRTOS-Plus-Demo-5\Source\Examples\Include" -I"D:\Proyecto_Esteto\FreeRTOS-Plus-Demo-5\Source" -I"D:\Proyecto_Esteto\lpc17xx.cmsis.driver.library\Include" -O0 -Os -g3 -Wall -c -fmessage-length=0 -fno-builtin -ffunction-sections -fdata-sections -Wextra -mcpu=cortex-m3 -mthumb -MMD -MP -MF"Source/cr_startup_lpc176x.d" -MT"Source/cr_startup_lpc176x.d" -o "Source/cr_startup_lpc176x.o" "../Source/cr_startup_lpc176x.c"
../Source/cr_startup_lpc176x.c: In function 'pop_registers_from_fault_stack':
../Source/cr_startup_lpc176x.c:441:23: warning: variable 'stacked_psr' set but not used [-Wunused-but-set-variable]
../Source/cr_startup_lpc176x.c:440:23: warning: variable 'stacked_pc' set but not used [-Wunused-but-set-variable]
Finished building: ../Source/cr_startup_lpc176x.c
 
Building file: ../Source/main.c
Invoking: MCU C Compiler
arm-none-eabi-gcc -D__REDLIB__ -DDEBUG -D__CODE_RED -D__USE_CMSIS=CMSISv2p00_LPC17xx -I"D:\Proyecto_Esteto\FreeRTOS-Products\FreeRTOS-Plus-IO\Device\LPC17xx\SupportedBoards" -I"D:\Proyecto_Esteto\FreeRTOS-Products\FreeRTOS-Plus-IO\Include" -I"D:\Proyecto_Esteto\FreeRTOS-Products\FreeRTOS-Plus-CLI" -I"D:\Proyecto_Esteto\FreeRTOS-Products\FreeRTOS\portable\GCC\ARM_CM3" -I"D:\Proyecto_Esteto\FreeRTOS-Products\FreeRTOS\include" -I"D:\Proyecto_Esteto\CMSISv2p00_LPC17xx\inc" -I"D:\Proyecto_Esteto\FreeRTOS-Plus-Demo-5\Source\Examples\Include" -I"D:\Proyecto_Esteto\FreeRTOS-Plus-Demo-5\Source" -I"D:\Proyecto_Esteto\lpc17xx.cmsis.driver.library\Include" -O0 -g3 -Wall -c -fmessage-length=0 -fno-builtin -ffunction-sections -fdata-sections -Wextra -mcpu=cortex-m3 -mthumb -MMD -MP -MF"Source/main.d" -MT"Source/main.d" -o "Source/main.o" "../Source/main.c"
../Source/cr_startup_lpc176x.c:439:23: warning: variable 'stacked_lr' set but not used [-Wunused-but-set-variable]
../Source/cr_startup_lpc176x.c:438:23: warning: variable 'stacked_r12' set but not used [-Wunused-but-set-variable]
Finished building: ../Source/main.c
 
Building file: ../Source/printf-stdarg.c
Invoking: MCU C Compiler
arm-none-eabi-gcc -D__REDLIB__ -DDEBUG -D__CODE_RED -D__USE_CMSIS=CMSISv2p00_LPC17xx -I"D:\Proyecto_Esteto\FreeRTOS-Products\FreeRTOS-Plus-IO\Device\LPC17xx\SupportedBoards" -I"D:\Proyecto_Esteto\FreeRTOS-Products\FreeRTOS-Plus-IO\Include" -I"D:\Proyecto_Esteto\FreeRTOS-Products\FreeRTOS-Plus-CLI" -I"D:\Proyecto_Esteto\FreeRTOS-Products\FreeRTOS\portable\GCC\ARM_CM3" -I"D:\Proyecto_Esteto\FreeRTOS-Products\FreeRTOS\include" -I"D:\Proyecto_Esteto\CMSISv2p00_LPC17xx\inc" -I"D:\Proyecto_Esteto\FreeRTOS-Plus-Demo-5\Source\Examples\Include" -I"D:\Proyecto_Esteto\FreeRTOS-Plus-Demo-5\Source" -I"D:\Proyecto_Esteto\lpc17xx.cmsis.driver.library\Include" -O0 -g3 -Wall -c -fmessage-length=0 -fno-builtin -ffunction-sections -fdata-sections -Wextra -mcpu=cortex-m3 -mthumb -MMD -MP -MF"Source/printf-stdarg.d" -MT"Source/printf-stdarg.d" -o "Source/printf-stdarg.o" "../Source/printf-stdarg.c"
../Source/cr_startup_lpc176x.c:437:23: warning: variable 'stacked_r3' set but not used [-Wunused-but-set-variable]
../Source/cr_startup_lpc176x.c:436:23: warning: variable 'stacked_r2' set but not used [-Wunused-but-set-variable]
Finished building: ../Source/printf-stdarg.c
../Source/cr_startup_lpc176x.c:435:23: warning: variable 'stacked_r1' set but not used [-Wunused-but-set-variable]
 
Building target: FreeRTOS-Plus-Demo-5.axf
Invoking: MCU Linker
arm-none-eabi-gcc -nostdlib -L"D:\Proyecto_Esteto\lpc17xx.cmsis.driver.library\Debug" -L"D:\Proyecto_Esteto\CMSISv2p00_LPC17xx\Debug" -Xlinker -Map=FreeRTOS-Plus-Demo-5.map -Xlinker --gc-sections -mcpu=cortex-m3 -mthumb -T "FreeRTOS-Plus-Demo-5_Debug.ld" -o "FreeRTOS-Plus-Demo-5.axf"  ./Source/FreeRTOS-Products/FreeRTOS/portable/MemMang/heap_2.o  ./Source/FreeRTOS-Products/FreeRTOS/portable/GCC/ARM_CM3/port.o  ./Source/FreeRTOS-Products/FreeRTOS-Plus-IO/Device/LPC17xx/FreeRTOS_lpc17xx_DriverInterface.o ./Source/FreeRTOS-Products/FreeRTOS-Plus-IO/Device/LPC17xx/FreeRTOS_lpc17xx_i2c.o ./Source/FreeRTOS-Products/FreeRTOS-Plus-IO/Device/LPC17xx/FreeRTOS_lpc17xx_ssp.o ./Source/FreeRTOS-Products/FreeRTOS-Plus-IO/Device/LPC17xx/FreeRTOS_lpc17xx_uart.o  ./Source/FreeRTOS-Products/FreeRTOS-Plus-IO/Common/FreeRTOS_DriverInterface.o ./Source/FreeRTOS-Products/FreeRTOS-Plus-IO/Common/FreeRTOS_IOUtils.o ./Source/FreeRTOS-Products/FreeRTOS-Plus-IO/Common/IOUtils_CharQueueTxAndRx.o ./Source/FreeRTOS-Products/FreeRTOS-Plus-IO/Common/IOUtils_CircularBufferRx.o ./Source/FreeRTOS-Products/FreeRTOS-Plus-IO/Common/IOUtils_ZeroCopyTx.o  ./Source/FreeRTOS-Products/FreeRTOS-Plus-CLI/FreeRTOS_CLI.o  ./Source/FreeRTOS-Products/FreeRTOS/croutine.o ./Source/FreeRTOS-Products/FreeRTOS/list.o ./Source/FreeRTOS-Products/FreeRTOS/queue.o ./Source/FreeRTOS-Products/FreeRTOS/tasks.o ./Source/FreeRTOS-Products/FreeRTOS/timers.o  ./Source/Examples/UART/CLI-commands.o ./Source/Examples/UART/UART-interrupt-driven-command-console.o ./Source/Examples/UART/UART-operation-modes-test.o  ./Source/Examples/SSP/SPI-writes-to-7-seg-display.o  ./Source/Examples/I2C/I2C-coordinator.o ./Source/Examples/I2C/I2C-to-OLED.o ./Source/Examples/I2C/I2C-to-and-from-EEPROM.o ./Source/Examples/I2C/font5x7.o ./Source/Examples/I2C/oled.o  ./Source/Examples/GPIO/GPIO-output-and-software-timers.o  ./Source/cr_startup_lpc176x.o ./Source/main.o ./Source/printf-stdarg.o   -llpc17xx.cmsis.driver.library -lCMSISv2p00_LPC17xx
../Source/cr_startup_lpc176x.c:434:23: warning: variable 'stacked_r0' set but not used [-Wunused-but-set-variable]
c:/nxp/lpcxpresso_6.1.0_164/lpcxpresso/tools/bin/../lib/gcc/arm-none-eabi/4.6.2/../../../../arm-none-eabi/bin/ld.exe: cannot find -llpc17xx.cmsis.driver.library
collect2: ld returned 1 exit status
make: *** [FreeRTOS-Plus-Demo-5.axf] Error 1

16:21:08 Build Finished (took 19s.890ms)

